<?xml version="1.0" encoding="UTF-8"?>
<!-- Generated by org.testng.reporters.JUnitReportReporter -->
<testsuite hostname="Navadeep" failures="0" tests="4" name="tests.LoginTests" time="1.383" errors="0" timestamp="2025-08-03T22:48:25 IST" skipped="0">
  <testcase classname="tests.LoginTests" name="testInvalidLoginShowsError" time="0.873"/>
  <system-out/>
  <testcase classname="tests.LoginTests" name="testUIElementsPresence" time="0.053"/>
  <system-out/>
  <testcase classname="tests.LoginTests" name="testLoginButtonDisabledWhenFieldsAreEmpty" time="0.320"/>
  <system-out/>
  <testcase classname="tests.LoginTests" name="testPasswordMaskedToggle" time="0.137"/>
  <system-out/>
</testsuite> <!-- tests.LoginTests -->
